Ср 07 сен 2022 02:06:59 +04
Ср 07 сен 2022 02:07:00 +04
Ср 07 сен 2022 02:07:00 +04
Ср 07 сен 2022 02:07:01 +04
Ср 07 сен 2022 02:07:01 +04
Ср 07 сен 2022 02:07:02 +04
Ср 07 сен 2022 02:07:02 +04
Ср 07 сен 2022 02:07:02 +04
Ср 07 сен 2022 02:07:02 +04
Ср 07 сен 2022 02:07:02 +04
Ср 07 сен 2022 02:07:02 +04
Ср 07 сен 2022 02:07:02 +04
Ср 07 сен 2022 02:07:03 +04
Ср 07 сен 2022 02:07:03 +04
Ср 07 сен 2022 02:07:03 +04
Ср 07 сен 2022 02:07:03 +04
Ср 07 сен 2022 02:07:03 +04
Ср 07 сен 2022 02:07:03 +04
Ср 07 сен 2022 02:07:03 +04
Ср 07 сен 2022 02:07:03 +04
Ср 07 сен 2022 02:07:03 +04
Ср 07 сен 2022 02:07:03 +04
Ср 07 сен 2022 02:07:03 +04
Ср 07 сен 2022 02:07:03 +04
Ср 07 сен 2022 02:07:03 +04
Ср 07 сен 2022 02:07:03 +04
Ср 07 сен 2022 02:07:03 +04
Ср 07 сен 2022 02:07:03 +04
Ср 07 сен 2022 02:07:03 +04
Ср 07 сен 2022 02:07:03 +04
Ср 07 сен 2022 02:07:03 +04
Ср 07 сен 2022 02:07:03 +04
Ср 07 сен 2022 02:07:03 +04
Ср 07 сен 2022 02:07:03 +04
Ср 07 сен 2022 02:07:03 +04
Ср 07 сен 2022 02:07:03 +04
Ср 07 сен 2022 02:07:03 +04
Ср 07 сен 2022 02:07:03 +04
Ср 07 сен 2022 02:07:03 +04
Ср 07 сен 2022 02:07:03 +04
